<?xml version="1.0" encoding="UTF-8"?>
<testng-results ignored="0" total="1" passed="1" failed="0" skipped="0">
  <reporter-output>
    <line>
      <![CDATA[Created Organization successfully]]>
    </line>
  </reporter-output>
  <suite started-at="2024-10-20T19:25:14 IST" name="Default suite" finished-at="2024-10-20T19:25:14 IST" duration-ms="184">
    <groups>
    </groups>
    <test started-at="2024-10-20T19:25:14 IST" name="Default test" finished-at="2024-10-20T19:25:14 IST" duration-ms="184">
      <class name="orgModule.CreateOrganizationTest">
        <test-method signature="createOrg()[pri:0, instance:orgModule.CreateOrganizationTest@6302bbb1]" started-at="2024-10-20T19:25:14 IST" name="createOrg" finished-at="2024-10-20T19:25:14 IST" duration-ms="28" status="PASS">
          <reporter-output>
            <line>
              <![CDATA[Created Organization successfully]]>
            </line>
          </reporter-output>
        </test-method> <!-- createOrg -->
      </class> <!-- orgModule.CreateOrganizationTest -->
    </test> <!-- Default test -->
  </suite> <!-- Default suite -->
</testng-results>
